0 info it worked if it ends with ok
1 verbose cli [ 'node', '/usr/local/bin/npm', 'publish' ]
2 info using npm@1.5.0-alpha-3
3 info using node@v0.10.29
4 verbose node symlink /usr/local/bin/node
5 verbose publish [ '.' ]
6 verbose cache add [ '.', null ]
7 verbose cache add spec="." args=[".",null]
8 verbose cache add local package /Users/josefranciscoverdugambin/Projects/generator-git
9 silly lockFile 3a52ce78- .
10 verbose lock . /Users/josefranciscoverdugambin/.npm/3a52ce78-.lock
11 verbose tar pack [ '/Users/josefranciscoverdugambin/.npm/generator-git/0.0.5/package.tgz',
11 verbose tar pack   '.' ]
12 verbose tarball /Users/josefranciscoverdugambin/.npm/generator-git/0.0.5/package.tgz
13 verbose folder .
14 info prepublish generator-git@0.0.5
15 silly lockFile 1f1177db-tar tar://.
16 verbose lock tar://. /Users/josefranciscoverdugambin/.npm/1f1177db-tar.lock
17 silly lockFile 7a62477b--generator-git-0-0-5-package-tgz tar:///Users/josefranciscoverdugambin/.npm/generator-git/0.0.5/package.tgz
18 verbose lock tar:///Users/josefranciscoverdugambin/.npm/generator-git/0.0.5/package.tgz /Users/josefranciscoverdugambin/.npm/7a62477b--generator-git-0-0-5-package-tgz.lock
19 silly lockFile 1f1177db-tar tar://.
20 silly lockFile 1f1177db-tar tar://.
21 silly lockFile 7a62477b--generator-git-0-0-5-package-tgz tar:///Users/josefranciscoverdugambin/.npm/generator-git/0.0.5/package.tgz
22 silly lockFile 7a62477b--generator-git-0-0-5-package-tgz tar:///Users/josefranciscoverdugambin/.npm/generator-git/0.0.5/package.tgz
23 silly lockFile 161ff371--npm-generator-git-0-0-5-package /Users/josefranciscoverdugambin/.npm/generator-git/0.0.5/package
24 verbose lock /Users/josefranciscoverdugambin/.npm/generator-git/0.0.5/package /Users/josefranciscoverdugambin/.npm/161ff371--npm-generator-git-0-0-5-package.lock
25 silly lockFile 161ff371--npm-generator-git-0-0-5-package /Users/josefranciscoverdugambin/.npm/generator-git/0.0.5/package
26 silly lockFile 161ff371--npm-generator-git-0-0-5-package /Users/josefranciscoverdugambin/.npm/generator-git/0.0.5/package
27 silly lockFile 3a52ce78- .
28 silly lockFile 3a52ce78- .
29 silly publish { name: 'generator-git',
29 silly publish   version: '0.0.5',
29 silly publish   description: 'Create the basic scaffolding to start with a git proyect ',
29 silly publish   license: 'MIT',
29 silly publish   main: 'app/index.js',
29 silly publish   repository:
29 silly publish    { type: 'git',
29 silly publish      url: 'https://github.com/Kikobeats/generator-git' },
29 silly publish   author:
29 silly publish    { name: 'Kiko Beats',
29 silly publish      email: 'josefrancisco.verdu@gmail.com',
29 silly publish      url: 'https://github.com/Kikobeats' },
29 silly publish   engines: { node: '>=0.10.0' },
29 silly publish   scripts: { test: 'mocha' },
29 silly publish   files: [ 'app' ],
29 silly publish   keywords: [ 'yeoman-generator' ],
29 silly publish   dependencies:
29 silly publish    { chalk: '~0.4.0',
29 silly publish      github: '^0.2.1',
29 silly publish      'npm-name': '^0.2.0',
29 silly publish      superb: '^1.0.1',
29 silly publish      'yeoman-generator': '~0.16.0',
29 silly publish      yosay: '^0.1.0' },
29 silly publish   devDependencies: { mocha: '*' },
29 silly publish   peerDependencies: { yo: '>=1.0.0' },
29 silly publish   readme: '# generator-git\n\nCreate the basic scaffolding to start with a git proyect\n\n![](http://i.imgur.com/T2DgNL0.gif)\n\nInspired in [sindresorhus](https://github.com/sindresorhus) and [mikermcneil](https://github.com/mikermcneil) style.\n\n## Install\n\n```bash\n$ npm install -g generator-git\n```\n\n## Usage \n\n```bash\n$ yo git\n```\n\n## Scaffolding\n\n* .gitattributes\n* .gitignore\n* .travis.yml\n* .editorconfig\n* package.json\n* LICENSE\n* README\n\n## Additional\n\nRemember install [editorconfig](http://editorconfig.org/) in your favorite editor.\n\n',
29 silly publish   readmeFilename: 'README.md',
29 silly publish   gitHead: 'c352f7a42d9abdd71b1215aba46186a310344027',
29 silly publish   bugs: { url: 'https://github.com/Kikobeats/generator-git/issues' },
29 silly publish   homepage: 'https://github.com/Kikobeats/generator-git',
29 silly publish   _id: 'generator-git@0.0.5',
29 silly publish   _shasum: 'a43acb793d3b5e3c75003d15efa672014b421ad7',
29 silly publish   _from: '.' }
30 verbose mapToRegistry name generator-git
31 verbose mapToRegistry uri https://registry.npmjs.org/generator-git
32 verbose publish registryBase https://registry.npmjs.org/
33 verbose request where is /generator-git
34 verbose request registry https://registry.npmjs.org/
35 verbose request id ec130eeebadd94d1
36 verbose request url raw /generator-git
37 verbose request url resolving [ 'https://registry.npmjs.org/', './generator-git' ]
38 verbose request url resolved https://registry.npmjs.org/generator-git
39 verbose request where is https://registry.npmjs.org/generator-git
40 verbose request setting basic auth
41 info trying registry request attempt 1 at 15:00:46
42 http PUT https://registry.npmjs.org/generator-git
43 http 403 https://registry.npmjs.org/generator-git
44 verbose headers { date: 'Tue, 22 Jul 2014 13:00:47 GMT',
44 verbose headers   server: 'CouchDB/1.5.0 (Erlang OTP/R14B04)',
44 verbose headers   'content-type': 'application/json',
44 verbose headers   'cache-control': 'max-age=60',
44 verbose headers   'content-length': '3655',
44 verbose headers   'accept-ranges': 'bytes',
44 verbose headers   via: '1.1 varnish',
44 verbose headers   'x-served-by': 'cache-lcy1132-LCY',
44 verbose headers   'x-cache': 'MISS',
44 verbose headers   'x-cache-hits': '0',
44 verbose headers   'x-timer': 'S1406034046.844871,VS0,VE672',
44 verbose headers   'keep-alive': 'timeout=10, max=50',
44 verbose headers   connection: 'Keep-Alive' }
45 error publish Failed PUT 403
46 error Error: forbidden cannot modify pre-existing version: 0.0.5
46 error old={"name":"generator-git","version":"0.0.5","description":"Create the basic scaffolding to start with a git proyect ","license":"MIT","main":"app/index.js","repository":{"type":"git","url":"https://github.com/Kikobeats/generator-git"},"author":{"name":"Kiko Beats","email":"josefrancisco.verdu@gmail.com","url":"https://github.com/Kikobeats"},"engines":{"node":">=0.10.0"},"scripts":{"test":"mocha"},"files":["app"],"keywords":["yeoman-generator"],"dependencies":{"chalk":"~0.4.0","github":"^0.2.1","npm-name":"^0.2.0","superb":"^1.0.1","yeoman-generator":"~0.16.0","yosay":"^0.1.0"},"devDependencies":{"mocha":"*"},"peerDependencies":{"yo":">=1.0.0"},"gitHead":"26b7aa9f0a67cab4375689bb9ee7fbbbb76997eb","bugs":{"url":"https://github.com/Kikobeats/generator-git/issues"},"homepage":"https://github.com/Kikobeats/generator-git","_id":"generator-git@0.0.5","_shasum":"ed93ab13cd049f63dc818e95ed1d5b9700bc88c7","_from":".","_npmVersion":"1.5.0-alpha-3","_npmUser":{"name":"kikobeats","email":"kikohumanbeatbox@gmail.com"},"maintainers":[{"name":"kikobeats","email":"kikohumanbeatbox@gmail.com"}],"dist":{"shasum":"ed93ab13cd049f63dc818e95ed1d5b9700bc88c7","tarball":"http://registry.npmjs.org/generator-git/-/generator-git-0.0.5.tgz"}}
46 error new={"name":"generator-git","version":"0.0.5","description":"Create the basic scaffolding to start with a git proyect ","license":"MIT","main":"app/index.js","repository":{"type":"git","url":"https://github.com/Kikobeats/generator-git"},"author":{"name":"Kiko Beats","email":"josefrancisco.verdu@gmail.com","url":"https://github.com/Kikobeats"},"engines":{"node":">=0.10.0"},"scripts":{"test":"mocha"},"files":["app"],"keywords":["yeoman-generator"],"dependencies":{"chalk":"~0.4.0","github":"^0.2.1","npm-name":"^0.2.0","superb":"^1.0.1","yeoman-generator":"~0.16.0","yosay":"^0.1.0"},"devDependencies":{"mocha":"*"},"peerDependencies":{"yo":">=1.0.0"},"readme":"# generator-git\u000a\u000aCreate the basic scaffolding to start with a git proyect\u000a\u000a![](http://i.imgur.com/T2DgNL0.gif)\u000a\u000aInspired in [sindresorhus](https://github.com/sindresorhus) and [mikermcneil](https://github.com/mikermcneil) style.\u000a\u000a## Install\u000a\u000a```bash\u000a$ npm install -g generator-git\u000a```\u000a\u000a## Usage \u000a\u000a```bash\u000a$ yo git\u000a```\u000a\u000a## Scaffolding\u000a\u000a* .gitattributes\u000a* .gitignore\u000a* .travis.yml\u000a* .editorconfig\u000a* package.json\u000a* LICENSE\u000a* README\u000a\u000a## Additional\u000a\u000aRemember install [editorconfig](http://editorconfig.org/) in your favorite editor.\u000a\u000a","readmeFilename":"README.md","gitHead":"c352f7a42d9abdd71b1215aba46186a310344027","bugs":{"url":"https://github.com/Kikobeats/generator-git/issues"},"homepage":"https://github.com/Kikobeats/generator-git","_id":"generator-git@0.0.5","_shasum":"a43acb793d3b5e3c75003d15efa672014b421ad7","_from":".","_npmVersion":"1.5.0-alpha-3","_npmUser":{"name":"kikobeats","email":"kikohumanbeatbox@gmail.com"},"maintainers":[{"name":"kikobeats","email":"kikohumanbeatbox@gmail.com"}],"dist":{"shasum":"a43acb793d3b5e3c75003d15efa672014b421ad7","tarball":"http://registry.npmjs.org/generator-git/-/generator-git-0.0.5.tgz"}}: generator-git
46 error     at RegClient.<anonymous> (/usr/local/lib/node_modules/npm/node_modules/npm-registry-client/lib/request.js:313:14)
46 error     at Request._callback (/usr/local/lib/node_modules/npm/node_modules/npm-registry-client/lib/request.js:251:65)
46 error     at Request.self.callback (/usr/local/lib/node_modules/npm/node_modules/request/request.js:123:22)
46 error     at Request.emit (events.js:98:17)
46 error     at Request.<anonymous> (/usr/local/lib/node_modules/npm/node_modules/request/request.js:893:14)
46 error     at Request.emit (events.js:117:20)
46 error     at IncomingMessage.<anonymous> (/usr/local/lib/node_modules/npm/node_modules/request/request.js:844:12)
46 error     at IncomingMessage.emit (events.js:117:20)
46 error     at _stream_readable.js:929:16
46 error     at process._tickCallback (node.js:419:13)
47 error If you need help, you may report this *entire* log,
47 error including the npm and node versions, at:
47 error     <http://github.com/npm/npm/issues>
48 error System Darwin 13.3.0
49 error command "node" "/usr/local/bin/npm" "publish"
50 error cwd /Users/josefranciscoverdugambin/Projects/generator-git
51 error node -v v0.10.29
52 error npm -v 1.5.0-alpha-3
53 verbose exit [ 1, true ]
